\BOOKMARK [0][-]{chapter*.2}{List of Tables}{}% 1
\BOOKMARK [0][-]{chapter*.3}{List of Figures}{}% 2
\BOOKMARK [0][-]{chapter.1}{Introduction}{}% 3
\BOOKMARK [0][-]{chapter.2}{Motivation}{}% 4
\BOOKMARK [1][-]{section.2.1}{Theory of heavy photons}{chapter.2}% 5
\BOOKMARK [1][-]{section.2.2}{Implications of a heavy photon}{chapter.2}% 6
\BOOKMARK [1][-]{section.2.3}{Searching for heavy photons}{chapter.2}% 7
\BOOKMARK [2][-]{subsection.2.3.1}{Decay signature}{section.2.3}% 8
\BOOKMARK [2][-]{subsection.2.3.2}{Methods of production}{section.2.3}% 9
\BOOKMARK [2][-]{subsection.2.3.3}{Methods of detection}{section.2.3}% 10
\BOOKMARK [1][-]{section.2.4}{Heavy Photon Search kinematics}{chapter.2}% 11
\BOOKMARK [2][-]{subsection.2.4.1}{Signal}{section.2.4}% 12
\BOOKMARK [2][-]{subsection.2.4.2}{Backgrounds}{section.2.4}% 13
\BOOKMARK [0][-]{chapter.3}{Heavy Photon Search Experiment}{}% 14
\BOOKMARK [1][-]{section.3.1}{Continuous Electron Beam Accelerator Facility}{chapter.3}% 15
\BOOKMARK [1][-]{section.3.2}{Beamline}{chapter.3}% 16
\BOOKMARK [2][-]{subsection.3.2.1}{Target}{section.3.2}% 17
\BOOKMARK [2][-]{subsection.3.2.2}{Collimator}{section.3.2}% 18
\BOOKMARK [1][-]{section.3.3}{Silicon Vertex Tracker}{chapter.3}% 19
\BOOKMARK [1][-]{section.3.4}{Electromagnetic Calorimeter}{chapter.3}% 20
\BOOKMARK [2][-]{subsection.3.4.1}{Light Monitoring System}{section.3.4}% 21
\BOOKMARK [2][-]{subsection.3.4.2}{Avalanche Photodiodes}{section.3.4}% 22
\BOOKMARK [1][-]{section.3.5}{Trigger}{chapter.3}% 23
\BOOKMARK [0][-]{chapter.4}{Detector Calibration and Performance}{}% 24
\BOOKMARK [1][-]{section.4.1}{Silicon Vertex Tracker Performance}{chapter.4}% 25
\BOOKMARK [1][-]{section.4.2}{Electromagnetic Calorimeter}{chapter.4}% 26
\BOOKMARK [2][-]{subsection.4.2.1}{Simulations}{section.4.2}% 27
\BOOKMARK [3][-]{section*.5}{Energy reconstruction}{subsection.4.2.1}% 28
\BOOKMARK [3][-]{section*.6}{Energy resolution}{subsection.4.2.1}% 29
\BOOKMARK [3][-]{section*.7}{Position reconstruction}{subsection.4.2.1}% 30
\BOOKMARK [3][-]{section*.8}{Position resolution}{subsection.4.2.1}% 31
\BOOKMARK [2][-]{subsection.4.2.2}{Calibration using cosmic ray energy}{section.4.2}% 32
\BOOKMARK [2][-]{subsection.4.2.3}{Ecal signal pulse fitting}{section.4.2}% 33
\BOOKMARK [2][-]{subsection.4.2.4}{Calibration using elastically-scattered electrons}{section.4.2}% 34
\BOOKMARK [2][-]{subsection.4.2.5}{Wide angle bremsstrahlung for studies of edge effects}{section.4.2}% 35
\BOOKMARK [2][-]{subsection.4.2.6}{Energy resolution in data}{section.4.2}% 36
\BOOKMARK [2][-]{subsection.4.2.7}{Timing calibration and performance}{section.4.2}% 37
\BOOKMARK [0][-]{chapter.5}{Searching for displaced vertices}{}% 38
\BOOKMARK [1][-]{section.5.1}{Datasets}{chapter.5}% 39
\BOOKMARK [1][-]{section.5.2}{A' signal in the displaced vertex search}{chapter.5}% 40
\BOOKMARK [1][-]{section.5.3}{Monte Carlo simulation}{chapter.5}% 41
\BOOKMARK [2][-]{subsection.5.3.1}{Vertex reconstruction efficiencies, vtx}{section.5.3}% 42
\BOOKMARK [2][-]{subsection.5.3.2}{Mass resolution}{section.5.3}% 43
\BOOKMARK [1][-]{section.5.4}{Vertex cuts}{chapter.5}% 44
\BOOKMARK [2][-]{subsection.5.4.1}{Cuts after unblinding}{section.5.4}% 45
\BOOKMARK [1][-]{section.5.5}{Calculating zCut}{chapter.5}% 46
\BOOKMARK [0][-]{chapter.6}{Vertex Search Results}{}% 47
\BOOKMARK [1][-]{section.6.1}{Characterizing the background}{chapter.6}% 48
\BOOKMARK [2][-]{subsection.6.1.1}{SVT at nominal position}{section.6.1}% 49
\BOOKMARK [2][-]{subsection.6.1.2}{SVT at open position}{section.6.1}% 50
\BOOKMARK [2][-]{subsection.6.1.3}{Estimate of contamination by accidentals}{section.6.1}% 51
\BOOKMARK [1][-]{section.6.2}{Reach}{chapter.6}% 52
\BOOKMARK [0][-]{chapter.7}{Conclusion}{}% 53
\BOOKMARK [0][-]{chapter*.9}{BIBLIOGRAPHY}{}% 54
\BOOKMARK [1][-]{appendix.A}{Vertex reconstruction efficiencies}{chapter*.9}% 55
\BOOKMARK [1][-]{appendix.B}{Vertex analysis cuts}{chapter*.9}% 56
\BOOKMARK [2][-]{subsection.B.0.1}{L1L2 with SVT at 0.5 mm}{appendix.B}% 57
\BOOKMARK [2][-]{subsection.B.0.2}{L2L2 with SVT at 0.5 mm}{appendix.B}% 58
\BOOKMARK [2][-]{subsection.B.0.3}{L1L1 with SVT at 1.5 mm}{appendix.B}% 59
\BOOKMARK [2][-]{subsection.B.0.4}{L1L2 with SVT at 1.5 mm}{appendix.B}% 60
\BOOKMARK [2][-]{subsection.B.0.5}{L2L2 with SVT at 1.5 mm}{appendix.B}% 61
\BOOKMARK [1][-]{appendix.C}{Reach from other datasets}{chapter*.9}% 62
\BOOKMARK [0][-]{appendix*.10}{VITA}{}% 63
