This is pdfTeX, Version 3.14159265-2.6-1.40.17 (TeX Live 2016) (preloaded format=pdflatex 2016.5.22)  6 JUN 2017 16:33
entering extended mode
 restricted \write18 enabled.
 %&-line parsing enabled.
**thesis_template.tex
(./thesis_template.tex
LaTeX2e <2016/03/31>
Babel <3.9r> and hyphenation patterns for 83 language(s) loaded.
(/usr/local/texlive/2016/texmf-dist/tex/latex/base/report.cls
Document Class: report 2014/09/29 v1.4h Standard LaTeX document class
(/usr/local/texlive/2016/texmf-dist/tex/latex/base/size12.clo
File: size12.clo 2014/09/29 v1.4h Standard LaTeX file (size option)
)
\c@part=\count79
\c@chapter=\count80
\c@section=\count81
\c@subsection=\count82
\c@subsubsection=\count83
\c@paragraph=\count84
\c@subparagraph=\count85
\c@figure=\count86
\c@table=\count87
\abovecaptionskip=\skip41
\belowcaptionskip=\skip42
\bibindent=\dimen102
)
(/usr/local/texlive/2016/texmf-dist/tex/latex/graphics/graphicx.sty
Package: graphicx 2014/10/28 v1.0g Enhanced LaTeX Graphics (DPC,SPQR)

(/usr/local/texlive/2016/texmf-dist/tex/latex/graphics/keyval.sty
Package: keyval 2014/10/28 v1.15 key=value parser (DPC)
\KV@toks@=\toks14
)
(/usr/local/texlive/2016/texmf-dist/tex/latex/graphics/graphics.sty
Package: graphics 2016/05/09 v1.0r Standard LaTeX Graphics (DPC,SPQR)

(/usr/local/texlive/2016/texmf-dist/tex/latex/graphics/trig.sty
Package: trig 2016/01/03 v1.10 sin cos tan (DPC)
)
(/usr/local/texlive/2016/texmf-dist/tex/latex/graphics-cfg/graphics.cfg
File: graphics.cfg 2016/01/02 v1.10 sample graphics configuration
)
Package graphics Info: Driver file: pdftex.def on input line 96.

(/usr/local/texlive/2016/texmf-dist/tex/latex/pdftex-def/pdftex.def
File: pdftex.def 2011/05/27 v0.06d Graphics/color for pdfTeX

(/usr/local/texlive/2016/texmf-dist/tex/generic/oberdiek/infwarerr.sty
Package: infwarerr 2016/05/16 v1.4 Providing info/warning/error messages (HO)
)
(/usr/local/texlive/2016/texmf-dist/tex/generic/oberdiek/ltxcmds.sty
Package: ltxcmds 2016/05/16 v1.23 LaTeX kernel commands for general use (HO)
)
\Gread@gobject=\count88
))
\Gin@req@height=\dimen103
\Gin@req@width=\dimen104
)
(./ODUthesis.sty)
(/usr/local/texlive/2016/texmf-dist/tex/latex/amsmath/amsmath.sty
Package: amsmath 2016/03/10 v2.15b AMS math features
\@mathmargin=\skip43

For additional information on amsmath, use the `?' option.
(/usr/local/texlive/2016/texmf-dist/tex/latex/amsmath/amstext.sty
Package: amstext 2000/06/29 v2.01 AMS text

(/usr/local/texlive/2016/texmf-dist/tex/latex/amsmath/amsgen.sty
File: amsgen.sty 1999/11/30 v2.0 generic functions
\@emptytoks=\toks15
\ex@=\dimen105
))
(/usr/local/texlive/2016/texmf-dist/tex/latex/amsmath/amsbsy.sty
Package: amsbsy 1999/11/29 v1.2d Bold Symbols
\pmbraise@=\dimen106
)
(/usr/local/texlive/2016/texmf-dist/tex/latex/amsmath/amsopn.sty
Package: amsopn 2016/03/08 v2.02 operator names
)
\inf@bad=\count89
LaTeX Info: Redefining \frac on input line 199.
\uproot@=\count90
\leftroot@=\count91
LaTeX Info: Redefining \overline on input line 297.
\classnum@=\count92
\DOTSCASE@=\count93
LaTeX Info: Redefining \ldots on input line 394.
LaTeX Info: Redefining \dots on input line 397.
LaTeX Info: Redefining \cdots on input line 518.
\Mathstrutbox@=\box26
\strutbox@=\box27
\big@size=\dimen107
LaTeX Font Info:    Redeclaring font encoding OML on input line 634.
LaTeX Font Info:    Redeclaring font encoding OMS on input line 635.
\macc@depth=\count94
\c@MaxMatrixCols=\count95
\dotsspace@=\muskip10
\c@parentequation=\count96
\dspbrk@lvl=\count97
\tag@help=\toks16
\row@=\count98
\column@=\count99
\maxfields@=\count100
\andhelp@=\toks17
\eqnshift@=\dimen108
\alignsep@=\dimen109
\tagshift@=\dimen110
\tagwidth@=\dimen111
\totwidth@=\dimen112
\lineht@=\dimen113
\@envbody=\toks18
\multlinegap=\skip44
\multlinetaggap=\skip45
\mathdisplay@stack=\toks19
LaTeX Info: Redefining \[ on input line 2739.
LaTeX Info: Redefining \] on input line 2740.
)
(/usr/local/texlive/2016/texmf-dist/tex/latex/float/float.sty
Package: float 2001/11/08 v1.3d Float enhancements (AL)
\c@float@type=\count101
\float@exts=\toks20
\float@box=\box28
\@float@everytoks=\toks21
\@floatcapt=\box29
)
(/usr/local/texlive/2016/texmf-dist/tex/latex/was/gensymb.sty
Package: gensymb 2003/07/02 v1.0 (WaS)
)
(/usr/local/texlive/2016/texmf-dist/tex/latex/url/url.sty
\Urlmuskip=\muskip11
Package: url 2013/09/16  ver 3.4  Verb mode for urls, etc.
)
(/usr/local/texlive/2016/texmf-dist/tex/latex/feynmp-auto/feynmp-auto.sty
Package: feynmp-auto 2013/05/03 v1.1 Automatic processing of feynmp graphics

(/usr/local/texlive/2016/texmf-dist/tex/latex/feynmf/feynmp.sty
Package: feynmp 1996/12/02 v1.08 LaTeX/MetaPost Feynman Diagram Package (ohl)
\@outfmf=\write3
\fmfbuf@=\toks22
\c@fmfgraph=\count102
)
(/usr/local/texlive/2016/texmf-dist/tex/generic/oberdiek/ifpdf.sty
Package: ifpdf 2016/05/14 v3.1 Provides the ifpdf switch
)
(/usr/local/texlive/2016/texmf-dist/tex/generic/ifxetex/ifxetex.sty
Package: ifxetex 2010/09/12 v0.6 Provides ifxetex conditional
)
(/usr/local/texlive/2016/texmf-dist/tex/generic/oberdiek/pdftexcmds.sty
Package: pdftexcmds 2016/05/10 v0.21 Utility functions of pdfTeX for LuaTeX (HO
)

(/usr/local/texlive/2016/texmf-dist/tex/generic/oberdiek/ifluatex.sty
Package: ifluatex 2016/05/16 v1.4 Provides the ifluatex switch (HO)
Package ifluatex Info: LuaTeX not detected.
)
Package pdftexcmds Info: LuaTeX not detected.
Package pdftexcmds Info: \pdf@primitive is available.
Package pdftexcmds Info: \pdf@ifprimitive is available.
Package pdftexcmds Info: \pdfdraftmode found.
))
(/usr/local/texlive/2016/texmf-dist/tex/latex/hyperref/hyperref.sty
Package: hyperref 2016/05/05 v6.83n Hypertext links for LaTeX

(/usr/local/texlive/2016/texmf-dist/tex/generic/oberdiek/hobsub-hyperref.sty
Package: hobsub-hyperref 2016/05/16 v1.14 Bundle oberdiek, subset hyperref (HO)


(/usr/local/texlive/2016/texmf-dist/tex/generic/oberdiek/hobsub-generic.sty
Package: hobsub-generic 2016/05/16 v1.14 Bundle oberdiek, subset generic (HO)
Package: hobsub 2016/05/16 v1.14 Construct package bundles (HO)
Package hobsub Info: Skipping package `infwarerr' (already loaded).
Package hobsub Info: Skipping package `ltxcmds' (already loaded).
Package hobsub Info: Skipping package `ifluatex' (already loaded).
Package: ifvtex 2016/05/16 v1.6 Detect VTeX and its facilities (HO)
Package ifvtex Info: VTeX not detected.
Package: intcalc 2016/05/16 v1.2 Expandable calculations with integers (HO)
Package hobsub Info: Skipping package `ifpdf' (already loaded).
Package: etexcmds 2016/05/16 v1.6 Avoid name clashes with e-TeX commands (HO)
Package etexcmds Info: Could not find \expanded.
(etexcmds)             That can mean that you are not using pdfTeX 1.50 or
(etexcmds)             that some package has redefined \expanded.
(etexcmds)             In the latter case, load this package earlier.
Package: kvsetkeys 2016/05/16 v1.17 Key value parser (HO)
Package: kvdefinekeys 2016/05/16 v1.4 Define keys (HO)
Package hobsub Info: Skipping package `pdftexcmds' (already loaded).
Package: pdfescape 2016/05/16 v1.14 Implements pdfTeX's escape features (HO)
Package: bigintcalc 2016/05/16 v1.4 Expandable calculations on big integers (HO
)
Package: bitset 2016/05/16 v1.2 Handle bit-vector datatype (HO)
Package: uniquecounter 2016/05/16 v1.3 Provide unlimited unique counter (HO)
)
Package hobsub Info: Skipping package `hobsub' (already loaded).
Package: letltxmacro 2016/05/16 v1.5 Let assignment for LaTeX macros (HO)
Package: hopatch 2016/05/16 v1.3 Wrapper for package hooks (HO)
Package: xcolor-patch 2016/05/16 xcolor patch
Package: atveryend 2016/05/16 v1.9 Hooks at the very end of document (HO)
Package atveryend Info: \enddocument detected (standard20110627).
Package: atbegshi 2016/05/16 v1.17 At begin shipout hook (HO)
Package: refcount 2016/05/16 v3.5 Data extraction from label references (HO)
Package: hycolor 2016/05/16 v1.8 Color options for hyperref/bookmark (HO)
)
(/usr/local/texlive/2016/texmf-dist/tex/latex/oberdiek/auxhook.sty
Package: auxhook 2016/05/16 v1.4 Hooks for auxiliary files (HO)
)
(/usr/local/texlive/2016/texmf-dist/tex/latex/oberdiek/kvoptions.sty
Package: kvoptions 2016/05/16 v3.12 Key value format for package options (HO)
)
\@linkdim=\dimen114
\Hy@linkcounter=\count103
\Hy@pagecounter=\count104

(/usr/local/texlive/2016/texmf-dist/tex/latex/hyperref/pd1enc.def
File: pd1enc.def 2016/05/05 v6.83n Hyperref: PDFDocEncoding definition (HO)
)
\Hy@SavedSpaceFactor=\count105

(/usr/local/texlive/2016/texmf-dist/tex/latex/latexconfig/hyperref.cfg
File: hyperref.cfg 2002/06/06 v1.2 hyperref configuration of TeXLive
)
Package hyperref Info: Hyper figures OFF on input line 4446.
Package hyperref Info: Link nesting OFF on input line 4451.
Package hyperref Info: Hyper index ON on input line 4454.
Package hyperref Info: Plain pages OFF on input line 4461.
Package hyperref Info: Backreferencing OFF on input line 4466.
Package hyperref Info: Implicit mode ON; LaTeX internals redefined.
Package hyperref Info: Bookmarks ON on input line 4691.
\c@Hy@tempcnt=\count106
LaTeX Info: Redefining \url on input line 5044.
\XeTeXLinkMargin=\dimen115
\Fld@menulength=\count107
\Field@Width=\dimen116
\Fld@charsize=\dimen117
Package hyperref Info: Hyper figures OFF on input line 6298.
Package hyperref Info: Link nesting OFF on input line 6303.
Package hyperref Info: Hyper index ON on input line 6306.
Package hyperref Info: backreferencing OFF on input line 6313.
Package hyperref Info: Link coloring OFF on input line 6318.
Package hyperref Info: Link coloring with OCG OFF on input line 6323.
Package hyperref Info: PDF/A mode OFF on input line 6328.
LaTeX Info: Redefining \ref on input line 6368.
LaTeX Info: Redefining \pageref on input line 6372.
\Hy@abspage=\count108
\c@Item=\count109
\c@Hfootnote=\count110
)

Package hyperref Message: Driver (autodetected): hpdftex.

(/usr/local/texlive/2016/texmf-dist/tex/latex/hyperref/hpdftex.def
File: hpdftex.def 2016/05/05 v6.83n Hyperref driver for pdfTeX
\Fld@listcount=\count111
\c@bookmark@seq@number=\count112

(/usr/local/texlive/2016/texmf-dist/tex/latex/oberdiek/rerunfilecheck.sty
Package: rerunfilecheck 2016/05/16 v1.8 Rerun checks for auxiliary files (HO)
Package uniquecounter Info: New unique counter `rerunfilecheck' on input line 2
82.
)
\Hy@SectionHShift=\skip46
)
(/usr/local/texlive/2016/texmf-dist/tex/latex/amsfonts/amssymb.sty
Package: amssymb 2013/01/14 v3.01 AMS font symbols

(/usr/local/texlive/2016/texmf-dist/tex/latex/amsfonts/amsfonts.sty
Package: amsfonts 2013/01/14 v3.01 Basic AMSFonts support
\symAMSa=\mathgroup4
\symAMSb=\mathgroup5
LaTeX Font Info:    Overwriting math alphabet `\mathfrak' in version `bold'
(Font)                  U/euf/m/n --> U/euf/b/n on input line 106.
))
(/usr/local/texlive/2016/texmf-dist/tex/latex/tools/indentfirst.sty
Package: indentfirst 1995/11/23 v1.03 Indent first paragraph (DPC)
)
(/usr/local/texlive/2016/texmf-dist/tex/latex/booktabs/booktabs.sty
Package: booktabs 2016/04/27 v1.618033 publication quality tables
\heavyrulewidth=\dimen118
\lightrulewidth=\dimen119
\cmidrulewidth=\dimen120
\belowrulesep=\dimen121
\belowbottomsep=\dimen122
\aboverulesep=\dimen123
\abovetopsep=\dimen124
\cmidrulesep=\dimen125
\cmidrulekern=\dimen126
\defaultaddspace=\dimen127
\@cmidla=\count113
\@cmidlb=\count114
\@aboverulesep=\dimen128
\@belowrulesep=\dimen129
\@thisruleclass=\count115
\@lastruleclass=\count116
\@thisrulewidth=\dimen130
)
(/usr/local/texlive/2016/texmf-dist/tex/latex/chngcntr/chngcntr.sty
Package: chngcntr 2009/09/02 v1.0a change counter resetting
)
(./thesis_template.aux)
\openout1 = `thesis_template.aux'.

LaTeX Font Info:    Checking defaults for OML/cmm/m/it on input line 40.
LaTeX Font Info:    ... okay on input line 40.
LaTeX Font Info:    Checking defaults for T1/cmr/m/n on input line 40.
LaTeX Font Info:    ... okay on input line 40.
LaTeX Font Info:    Checking defaults for OT1/cmr/m/n on input line 40.
LaTeX Font Info:    ... okay on input line 40.
LaTeX Font Info:    Checking defaults for OMS/cmsy/m/n on input line 40.
LaTeX Font Info:    ... okay on input line 40.
LaTeX Font Info:    Checking defaults for OMX/cmex/m/n on input line 40.
LaTeX Font Info:    ... okay on input line 40.
LaTeX Font Info:    Checking defaults for U/cmr/m/n on input line 40.
LaTeX Font Info:    ... okay on input line 40.
LaTeX Font Info:    Checking defaults for PD1/pdf/m/n on input line 40.
LaTeX Font Info:    ... okay on input line 40.

(/usr/local/texlive/2016/texmf-dist/tex/context/base/mkii/supp-pdf.mkii
[Loading MPS to PDF converter (version 2006.09.02).]
\scratchcounter=\count117
\scratchdimen=\dimen131
\scratchbox=\box30
\nofMPsegments=\count118
\nofMParguments=\count119
\everyMPshowfont=\toks23
\MPscratchCnt=\count120
\MPscratchDim=\dimen132
\MPnumerator=\count121
\makeMPintoPDFobject=\count122
\everyMPtoPDFconversion=\toks24
) (/usr/local/texlive/2016/texmf-dist/tex/latex/oberdiek/epstopdf-base.sty
Package: epstopdf-base 2016/05/15 v2.6 Base part for package epstopdf

(/usr/local/texlive/2016/texmf-dist/tex/latex/oberdiek/grfext.sty
Package: grfext 2016/05/16 v1.2 Manage graphics extensions (HO)
)
Package grfext Info: Graphics extension search list:
(grfext)             [.png,.pdf,.jpg,.mps,.jpeg,.jbig2,.jb2,.PNG,.PDF,.JPG,.JPE
G,.JBIG2,.JB2,.eps]
(grfext)             \AppendGraphicsExtensions on input line 456.

(/usr/local/texlive/2016/texmf-dist/tex/latex/latexconfig/epstopdf-sys.cfg
File: epstopdf-sys.cfg 2010/07/13 v1.3 Configuration of (r)epstopdf for TeX Liv
e
))
LaTeX Info: Redefining \celsius on input line 40.
Package gensymb Info: Faking symbols for \degree and \celsius on input line 40.



Package gensymb Warning: Not defining \perthousand.

LaTeX Info: Redefining \ohm on input line 40.
Package gensymb Info: Using \Omega for \ohm on input line 40.

Package gensymb Warning: Not defining \micro.

\AtBeginShipoutBox=\box31
Package hyperref Info: Link coloring OFF on input line 40.
(/usr/local/texlive/2016/texmf-dist/tex/latex/hyperref/nameref.sty
Package: nameref 2012/10/27 v2.43 Cross-referencing by name of section

(/usr/local/texlive/2016/texmf-dist/tex/generic/oberdiek/gettitlestring.sty
Package: gettitlestring 2016/05/16 v1.5 Cleanup title references (HO)
)
\c@section@level=\count123
)
LaTeX Info: Redefining \ref on input line 40.
LaTeX Info: Redefining \pageref on input line 40.
LaTeX Info: Redefining \nameref on input line 40.

(./thesis_template.out) (./thesis_template.out)
\@outlinefile=\write4
\openout4 = `thesis_template.out'.


Underfull \hbox (badness 10000) in paragraph at lines 76--76

 []


Underfull \hbox (badness 10000) in paragraph at lines 76--76

 []


Underfull \hbox (badness 10000) in paragraph at lines 76--76

 []


Underfull \hbox (badness 10000) in paragraph at lines 76--76
\OT1/cmr/m/n/10.95 Jay Wal-lace Van Or-den (Mem-
 []


Underfull \hbox (badness 10000) in paragraph at lines 76--76

 []


Underfull \hbox (badness 10000) in paragraph at lines 76--76

 []


Underfull \hbox (badness 10000) in paragraph at lines 76--76

 []

[1

{/usr/local/texlive/2016/texmf-var/fonts/map/pdftex/updmap/pdftex.map}]
LaTeX Font Info:    Try loading font information for U+msa on input line 76.

(/usr/local/texlive/2016/texmf-dist/tex/latex/amsfonts/umsa.fd
File: umsa.fd 2013/01/14 v3.01 AMS symbols A
)
LaTeX Font Info:    Try loading font information for U+msb on input line 76.

(/usr/local/texlive/2016/texmf-dist/tex/latex/amsfonts/umsb.fd
File: umsb.fd 2013/01/14 v3.01 AMS symbols B
) [2

] [3

]
[4


] (./thesis_template.toc [5


])
\tf@toc=\write5
\openout5 = `thesis_template.toc'.

 [6]

Package hyperref Warning: Token not allowed in a PDF string (PDFDocEncoding):
(hyperref)                removing `\uppercase' on input line 84.

(./thesis_template.lot)
\tf@lot=\write6
\openout6 = `thesis_template.lot'.

 [7


]

Package hyperref Warning: Token not allowed in a PDF string (PDFDocEncoding):
(hyperref)                removing `\uppercase' on input line 84.

(./thesis_template.lof [8


] [9] [10] [11])
\tf@lof=\write7
\openout7 = `thesis_template.lof'.

 [12]
CHAPTER 1

Package hyperref Warning: Token not allowed in a PDF string (PDFDocEncoding):
(hyperref)                removing `\uppercase' on input line 89.

(./texFiles/Intro/intro.tex
<pics/intro/projectedReach.png, id=638, 705.63625pt x 685.56125pt>
File: pics/intro/projectedReach.png Graphic file (type png)

<use pics/intro/projectedReach.png>
Package pdftex.def Info: pics/intro/projectedReach.png used on input line 6.
(pdftex.def)             Requested size: 281.85585pt x 273.83258pt.
) [1


] [2 <./pics/intro/projectedReach.png>]
[3]
CHAPTER 2

Package hyperref Warning: Token not allowed in a PDF string (PDFDocEncoding):
(hyperref)                removing `\uppercase' on input line 93.


Package hyperref Warning: Token not allowed in a PDF string (PDFDocEncoding):
(hyperref)                removing `\uppercase' on input line 96.

(./texFiles/Motivation/theory.tex
\openout3 = `loop.mp'.

File: loop.1 Graphic file (type mps)
 [MP to PDF] (./loop.1) (./loop.t1)) [4

]

Package hyperref Warning: Token not allowed in a PDF string (PDFDocEncoding):
(hyperref)                removing `\uppercase' on input line 99.

(./texFiles/Motivation/implications.tex

Package hyperref Warning: Token not allowed in a PDF string (PDFDocEncoding):
(hyperref)                removing `\uppercase' on input line 3.


Underfull \hbox (badness 10000) in paragraph at lines 5--7

 []

[5]

Package hyperref Warning: Token not allowed in a PDF string (PDFDocEncoding):
(hyperref)                removing `\uppercase' on input line 8.

\openout3 = `excitedDM.mp'.

File: excitedDM.1 Graphic file (type mps)
[MP to PDF] (./excitedDM.1) (./excitedDM.t1) [6]

Package hyperref Warning: Token not allowed in a PDF string (PDFDocEncoding):
(hyperref)                removing `\uppercase' on input line 33.

[7]
\openout3 = `gm2.mp'.

File: gm2.1 Graphic file (type mps)
 [MP to PDF] (./gm2.1) (./gm2.t1))

Package hyperref Warning: Token not allowed in a PDF string (PDFDocEncoding):
(hyperref)                removing `\uppercase' on input line 102.

(./texFiles/Motivation/searches.tex

Package hyperref Warning: Token not allowed in a PDF string (PDFDocEncoding):
(hyperref)                removing `\uppercase' on input line 3.

<pics/motivation/branchingRatio.png, id=720, 614.295pt x 300.12125pt>
File: pics/motivation/branchingRatio.png Graphic file (type png)

<use pics/motivation/branchingRatio.png>
Package pdftex.def Info: pics/motivation/branchingRatio.png used on input line 
8.
(pdftex.def)             Requested size: 422.77661pt x 206.55266pt.

<pics/motivation/branchingLinear.png, id=721, 600.2425pt x 418.56375pt>
File: pics/motivation/branchingLinear.png Graphic file (type png)

<use pics/motivation/branchingLinear.png>
Package pdftex.def Info: pics/motivation/branchingLinear.png used on input line
 9.
(pdftex.def)             Requested size: 234.87749pt x 163.78207pt.
 [8] [9 <./pics/motivation/branchingRatio.png> <./pics/motivation/branchingLine
ar.png>]
Underfull \hbox (badness 10000) in paragraph at lines 42--43

 []


Package hyperref Warning: Token not allowed in a PDF string (PDFDocEncoding):
(hyperref)                removing `\uppercase' on input line 44.


Package hyperref Warning: Token not allowed in a PDF string (PDFDocEncoding):
(hyperref)                removing `\uppercase' on input line 47.

[10]

LaTeX Warning: Citation `alewski_darklight_2014' on page 11 undefined on input 
line 50.

) [11]

Package hyperref Warning: Token not allowed in a PDF string (PDFDocEncoding):
(hyperref)                removing `\uppercase' on input line 105.

(./texFiles/Motivation/HPSexp.tex

Package hyperref Warning: Token not allowed in a PDF string (PDFDocEncoding):
(hyperref)                removing `\uppercase' on input line 3.

\openout3 = `apTree.mp'.

File: apTree.1 Graphic file (type mps)
[MP to PDF] (./apTree.1) (./apTree.t1) [12]

Package hyperref Warning: Token not allowed in a PDF string (PDFDocEncoding):
(hyperref)                removing `\uppercase' on input line 57.

[13]
\openout3 = `radTree.mp'.

File: radTree.1 Graphic file (type mps)
 [MP to PDF] (./radTree.1) (./radTree.t1)
\openout3 = `bhTree.mp'.

File: bhTree.1 Graphic file (type mps)
 [MP to PDF] (./bhTree.1)
(./bhTree.t1)) [14] [15]
CHAPTER 3

Package hyperref Warning: Token not allowed in a PDF string (PDFDocEncoding):
(hyperref)                removing `\uppercase' on input line 109.


Package hyperref Warning: Token not allowed in a PDF string (PDFDocEncoding):
(hyperref)                removing `\uppercase' on input line 113.

(./texFiles/Experiment/cebaf.tex
<pics/experiment/cebafLabel.png, id=792, 586.3506pt x 500.5902pt>
File: pics/experiment/cebafLabel.png Graphic file (type png)

<use pics/experiment/cebafLabel.png>
Package pdftex.def Info: pics/experiment/cebafLabel.png used on input line 5.
(pdftex.def)             Requested size: 352.31624pt x 300.78418pt.
)

Package hyperref Warning: Token not allowed in a PDF string (PDFDocEncoding):
(hyperref)                removing `\uppercase' on input line 116.

(./texFiles/Experiment/beamline.tex [16

]
<pics/experiment/hallB.png, id=799, 405.6756pt x 239.9364pt>
File: pics/experiment/hallB.png Graphic file (type png)

<use pics/experiment/hallB.png>
Package pdftex.def Info: pics/experiment/hallB.png used on input line 5.
(pdftex.def)             Requested size: 281.85585pt x 166.70953pt.

<pics/experiment/hpsBeamline.png, id=800, 1177.39874pt x 350.30875pt>
File: pics/experiment/hpsBeamline.png Graphic file (type png)

<use pics/experiment/hpsBeamline.png>
Package pdftex.def Info: pics/experiment/hpsBeamline.png used on input line 12.

(pdftex.def)             Requested size: 469.75499pt x 139.76288pt.

<pics/experiment/bfield.png, id=801, 608.0316pt x 387.3672pt>
File: pics/experiment/bfield.png Graphic file (type png)

<use pics/experiment/bfield.png>
Package pdftex.def Info: pics/experiment/bfield.png used on input line 19.
(pdftex.def)             Requested size: 469.75499pt x 299.28441pt.

<pics/experiment/feetrajectory.png, id=802, 582.0144pt x 381.5856pt>
File: pics/experiment/feetrajectory.png Graphic file (type png)

<use pics/experiment/feetrajectory.png>
Package pdftex.def Info: pics/experiment/feetrajectory.png used on input line 2
6.
(pdftex.def)             Requested size: 469.75499pt x 307.98799pt.

<pics/experiment/beamlineGemc.png, id=803, 580.569pt x 377.7312pt>
File: pics/experiment/beamlineGemc.png Graphic file (type png)

<use pics/experiment/beamlineGemc.png>
Package pdftex.def Info: pics/experiment/beamlineGemc.png used on input line 33
.
(pdftex.def)             Requested size: 375.80542pt x 244.50795pt.

<pics/experiment/harpScan.png, id=804, 781.92125pt x 772.8875pt>
File: pics/experiment/harpScan.png Graphic file (type png)

<use pics/experiment/harpScan.png>
Package pdftex.def Info: pics/experiment/harpScan.png used on input line 40.
(pdftex.def)             Requested size: 469.75499pt x 464.32574pt.
 [17 <./pics/experiment/cebafLabel.png>]
Overfull \vbox (131.15805pt too high) has occurred while \output is active []


[18 <./pics/experiment/hallB.png> <./pics/experiment/harpScan.png>] [19 <./pics
/experiment/hpsBeamline.png>] [20 <./pics/experiment/bfield.png>] [21 <./pics/e
xperiment/feetrajectory.png>] [22 <./pics/experiment/beamlineGemc.png>]

Package hyperref Warning: Token not allowed in a PDF string (PDFDocEncoding):
(hyperref)                removing `\uppercase' on input line 54.


Package hyperref Warning: Token not allowed in a PDF string (PDFDocEncoding):
(hyperref)                removing `\uppercase' on input line 58.

)

Package hyperref Warning: Token not allowed in a PDF string (PDFDocEncoding):
(hyperref)                removing `\uppercase' on input line 119.

(./texFiles/Experiment/SVT.tex
<pics/experiment/svt.png, id=849, 733.74126pt x 392.46625pt>
File: pics/experiment/svt.png Graphic file (type png)

<use pics/experiment/svt.png>
Package pdftex.def Info: pics/experiment/svt.png used on input line 3.
(pdftex.def)             Requested size: 469.75499pt x 251.26735pt.

<pics/experiment/svtSensorAssembly.png, id=850, 411.5375pt x 382.42876pt>
File: pics/experiment/svtSensorAssembly.png Graphic file (type png)

<use pics/experiment/svtSensorAssembly.png>
Package pdftex.def Info: pics/experiment/svtSensorAssembly.png used on input li
ne 10.
(pdftex.def)             Requested size: 234.87749pt x 218.26674pt.


LaTeX Warning: `h' float specifier changed to `ht'.

[23] [24 <./pics/experiment/svt.png>]) [25 <./pics/experiment/svtSensorAssembly
.png>]

Package hyperref Warning: Token not allowed in a PDF string (PDFDocEncoding):
(hyperref)                removing `\uppercase' on input line 122.

(./texFiles/Experiment/Ecal.tex
<pics/experiment/ecalface.png, id=872, 675.4836pt x 291.9708pt>
File: pics/experiment/ecalface.png Graphic file (type png)

<use pics/experiment/ecalface.png>
Package pdftex.def Info: pics/experiment/ecalface.png used on input line 5.
(pdftex.def)             Requested size: 399.2946pt x 172.59094pt.

<pics/experiment/crystal.png, id=873, 603.2136pt x 309.7974pt>
File: pics/experiment/crystal.png Graphic file (type png)

<use pics/experiment/crystal.png>
Package pdftex.def Info: pics/experiment/crystal.png used on input line 12.
(pdftex.def)             Requested size: 399.2946pt x 205.0767pt.


LaTeX Warning: `h' float specifier changed to `ht'.

<pics/experiment/ecalAssembly1.png, id=874, 315.579pt x 421.0932pt>
File: pics/experiment/ecalAssembly1.png Graphic file (type png)

<use pics/experiment/ecalAssembly1.png>
Package pdftex.def Info: pics/experiment/ecalAssembly1.png used on input line 1
9.
(pdftex.def)             Requested size: 234.87749pt x 313.40318pt.


LaTeX Warning: `h' float specifier changed to `ht'.


Underfull \hbox (badness 1107) in paragraph at lines 24--27
[]\OT1/cmr/m/n/12 As a par-ti-cle en-ters the ECal, it ini-ti-ates an elec-tro-
mag-netic shower by ei-ther
 []

[26 <./pics/experiment/ecalface.png>]) [27 <./pics/experiment/crystal.png>]

Package hyperref Warning: Token not allowed in a PDF string (PDFDocEncoding):
(hyperref)                removing `\uppercase' on input line 125.

(./texFiles/Experiment/LMS.tex [28 <./pics/experiment/ecalAssembly1.png>]
<pics/experiment/ledSignal.png, id=896, 329.0694pt x 405.1938pt>
File: pics/experiment/ledSignal.png Graphic file (type png)

<use pics/experiment/ledSignal.png>
Package pdftex.def Info: pics/experiment/ledSignal.png used on input line 14.
(pdftex.def)             Requested size: 234.87749pt x 289.21675pt.

<pics/experiment/ledCompare.png, id=900, 530.9436pt x 542.025pt>
File: pics/experiment/ledCompare.png Graphic file (type png)

<use pics/experiment/ledCompare.png>
Package pdftex.def Info: pics/experiment/ledCompare.png used on input line 23.
(pdftex.def)             Requested size: 305.33788pt x 311.71156pt.
) [29]

Package hyperref Warning: Token not allowed in a PDF string (PDFDocEncoding):
(hyperref)                removing `\uppercase' on input line 128.

(./texFiles/Experiment/APD.tex
<pics/experiment/apd.png, id=908, 172.9662pt x 70.8246pt>
File: pics/experiment/apd.png Graphic file (type png)

<use pics/experiment/apd.png>
Package pdftex.def Info: pics/experiment/apd.png used on input line 5.
(pdftex.def)             Requested size: 187.89912pt x 76.94437pt.


LaTeX Warning: `h' float specifier changed to `ht'.

[30 <./pics/experiment/ledSignal.png>]
<pics/experiment/apdtests.png, id=916, 598.3956pt x 224.5188pt>
File: pics/experiment/apdtests.png Graphic file (type png)

<use pics/experiment/apdtests.png>
Package pdftex.def Info: pics/experiment/apdtests.png used on input line 14.
(pdftex.def)             Requested size: 328.82706pt x 123.3795pt.


LaTeX Warning: `h' float specifier changed to `ht'.

<pics/experiment/apdcurrent.png, id=918, 517.935pt x 424.4658pt>
File: pics/experiment/apdcurrent.png Graphic file (type png)

<use pics/experiment/apdcurrent.png>
Package pdftex.def Info: pics/experiment/apdcurrent.png used on input line 23.
(pdftex.def)             Requested size: 234.87749pt x 192.49103pt.


LaTeX Warning: `h' float specifier changed to `ht'.

[31 <./pics/experiment/ledCompare.png>]
<pics/experiment/apdIvG.png, id=928, 430.7292pt x 344.9688pt>
File: pics/experiment/apdIvG.png Graphic file (type png)

<use pics/experiment/apdIvG.png>
Package pdftex.def Info: pics/experiment/apdIvG.png used on input line 39.
(pdftex.def)             Requested size: 234.87749pt x 188.11217pt.


LaTeX Warning: `h' float specifier changed to `ht'.

<pics/experiment/apdTV.png, id=931, 445.1832pt x 344.9688pt>
File: pics/experiment/apdTV.png Graphic file (type png)

<use pics/experiment/apdTV.png>
Package pdftex.def Info: pics/experiment/apdTV.png used on input line 48.
(pdftex.def)             Requested size: 234.87749pt x 182.00616pt.
 [32 <./pics/experiment/apd.png> <./pics/experiment/apdtests.png>]

LaTeX Warning: `h' float specifier changed to `ht'.

)

Package hyperref Warning: Token not allowed in a PDF string (PDFDocEncoding):
(hyperref)                removing `\uppercase' on input line 131.

(./texFiles/Experiment/trigger.tex
<pics/experiment/readoutChain.png, id=941, 609.27625pt x 242.9075pt>
File: pics/experiment/readoutChain.png Graphic file (type png)

<use pics/experiment/readoutChain.png>
Package pdftex.def Info: pics/experiment/readoutChain.png used on input line 5.

(pdftex.def)             Requested size: 352.31624pt x 140.4676pt.

Underfull \hbox (badness 10000) in paragraph at lines 10--14

 []

[33 <./pics/experiment/apdcurrent.png>] [34 <./pics/experiment/apdIvG.png>]

LaTeX Warning: Command \o invalid in math mode on input line 38.

[35 <./pics/experiment/apdTV.png>] [36 <./pics/experiment/readoutChain.png>])
[37]
CHAPTER 4

Package hyperref Warning: Token not allowed in a PDF string (PDFDocEncoding):
(hyperref)                removing `\uppercase' on input line 135.


Package hyperref Warning: Token not allowed in a PDF string (PDFDocEncoding):
(hyperref)                removing `\uppercase' on input line 138.

(./texFiles/DetectorPerformance/SVT/svt.tex

Package hyperref Warning: Token not allowed in a PDF string (PDFDocEncoding):
(hyperref)                removing `\uppercase' on input line 4.


Package hyperref Warning: Token not allowed in a PDF string (PDFDocEncoding):
(hyperref)                removing `\uppercase' on input line 6.


Package hyperref Warning: Token not allowed in a PDF string (PDFDocEncoding):
(hyperref)                removing `\uppercase' on input line 10.

)

Package hyperref Warning: Token not allowed in a PDF string (PDFDocEncoding):
(hyperref)                removing `\uppercase' on input line 145.

[38

]

Package hyperref Warning: Token not allowed in a PDF string (PDFDocEncoding):
(hyperref)                removing `\uppercase' on input line 149.

(./texFiles/DetectorPerformance/Ecal/Simulations.tex [39]
<pics/performance/energycorrection.pdf, id=984, 569.12625pt x 426.59375pt>
File: pics/performance/energycorrection.pdf Graphic file (type pdf)

<use pics/performance/energycorrection.pdf>
Package pdftex.def Info: pics/performance/energycorrection.pdf used on input li
ne 25.
(pdftex.def)             Requested size: 352.31624pt x 264.09482pt.

Underfull \hbox (badness 10000) in paragraph at lines 30--31

 []

[40] <pics/performance/sfparEdgeFit.png, id=998, 854.7132pt x 309.3156pt>
File: pics/performance/sfparEdgeFit.png Graphic file (type png)

<use pics/performance/sfparEdgeFit.png>
Package pdftex.def Info: pics/performance/sfparEdgeFit.png used on input line 4
1.
(pdftex.def)             Requested size: 469.75499pt x 170.0061pt.
 [41 <./pics/performance/energycorrection.pdf, page is rotated 90 degrees>]
<pics/performance/sfparEdge_ep.png, id=1054, 756.8275pt x 274.02374pt>
File: pics/performance/sfparEdge_ep.png Graphic file (type png)

<use pics/performance/sfparEdge_ep.png>
Package pdftex.def Info: pics/performance/sfparEdge_ep.png used on input line 6
9.
(pdftex.def)             Requested size: 469.75499pt x 170.0853pt.

<pics/performance/sfparEdge_p.png, id=1057, 766.865pt x 271.0125pt>
File: pics/performance/sfparEdge_p.png Graphic file (type png)

<use pics/performance/sfparEdge_p.png>
Package pdftex.def Info: pics/performance/sfparEdge_p.png used on input line 77
.
(pdftex.def)             Requested size: 469.75499pt x 166.01624pt.
 [42 <./pics/performance/sfparEdgeFit.png> <./pics/performance/sfparEdge_ep.png
>]
Underfull \hbox (badness 10000) in paragraph at lines 88--89

 []

<pics/performance/eResFitMC.png, id=1071, 665.48625pt x 394.47375pt>
File: pics/performance/eResFitMC.png Graphic file (type png)

<use pics/performance/eResFitMC.png>
Package pdftex.def Info: pics/performance/eResFitMC.png used on input line 92.
(pdftex.def)             Requested size: 281.85585pt x 167.07428pt.
 [43 <./pics/performance/sfparEdge_p.png>]
[44 <./pics/performance/eResFitMC.png>]
<pics/performance/xposn1gev.png, id=1095, 709.65125pt x 709.65125pt>
File: pics/performance/xposn1gev.png Graphic file (type png)

<use pics/performance/xposn1gev.png>
Package pdftex.def Info: pics/performance/xposn1gev.png used on input line 133.

(pdftex.def)             Requested size: 328.82706pt x 328.83661pt.

<pics/performance/xposcorrPar.png, id=1098, 1144.275pt x 468.75125pt>
File: pics/performance/xposcorrPar.png Graphic file (type png)

<use pics/performance/xposcorrPar.png>
Package pdftex.def Info: pics/performance/xposcorrPar.png used on input line 14
9.
(pdftex.def)             Requested size: 469.75499pt x 192.43243pt.
 [45]
<pics/performance/corrPosnsFits.png, id=1111, 1181.41376pt x 657.45625pt>
File: pics/performance/corrPosnsFits.png Graphic file (type png)

<use pics/performance/corrPosnsFits.png>
Package pdftex.def Info: pics/performance/corrPosnsFits.png used on input line 
191.
(pdftex.def)             Requested size: 469.75499pt x 261.41286pt.

<pics/performance/emPosnResn.png, id=1114, 768.8725pt x 892.33376pt>
File: pics/performance/emPosnResn.png Graphic file (type png)

<use pics/performance/emPosnResn.png>
Package pdftex.def Info: pics/performance/emPosnResn.png used on input line 200
.
(pdftex.def)             Requested size: 328.82706pt x 381.64005pt.
 [46 <./pics/performance/xposn1gev.png>])

Package hyperref Warning: Token not allowed in a PDF string (PDFDocEncoding):
(hyperref)                removing `\uppercase' on input line 152.

(./texFiles/DetectorPerformance/Ecal/Cosmics.tex [47 <./pics/performance/xposco
rrPar.png>]
<pics/performance/cosmicschematic.png, id=1130, 229.60782pt x 200.24812pt>
File: pics/performance/cosmicschematic.png Graphic file (type png)

<use pics/performance/cosmicschematic.png>
Package pdftex.def Info: pics/performance/cosmicschematic.png used on input lin
e 9.
(pdftex.def)             Requested size: 234.87749pt x 204.85538pt.
 [48 <./pics/performance/corrPosnsFits.png>] <pics/performance/cosmicEdep.png, 
id=1138, 803.0pt x 602.25pt>
File: pics/performance/cosmicEdep.png Graphic file (type png)

<use pics/performance/cosmicEdep.png>
Package pdftex.def Info: pics/performance/cosmicEdep.png used on input line 18.

(pdftex.def)             Requested size: 375.80542pt x 281.86288pt.
 [49 <./pics/performance/emPosnResn.png>]
<pics/performance/cosmicSignal.png, id=1148, 803.0pt x 602.25pt>
File: pics/performance/cosmicSignal.png Graphic file (type png)

<use pics/performance/cosmicSignal.png>
Package pdftex.def Info: pics/performance/cosmicSignal.png used on input line 2
8.
(pdftex.def)             Requested size: 328.82706pt x 246.62083pt.


LaTeX Warning: Reference `readoutChain' on page 50 undefined on input line 33.

[50 <./pics/performance/cosmicschematic.png>]
<pics/performance/cosmicFitExample2015.pdf, id=1155, 569.12625pt x 426.59375pt>
File: pics/performance/cosmicFitExample2015.pdf Graphic file (type pdf)
<use pics/performance/cosmicFitExample2015.pdf>
Package pdftex.def Info: pics/performance/cosmicFitExample2015.pdf used on inpu
t line 37.
(pdftex.def)             Requested size: 375.80542pt x 281.70245pt.
 [51 <./pics/performance/cosmicEdep.png>] <pics/performance/cosmicGains2015.png
, id=1164, 803.0pt x 602.25pt>
File: pics/performance/cosmicGains2015.png Graphic file (type png)

<use pics/performance/cosmicGains2015.png>
Package pdftex.def Info: pics/performance/cosmicGains2015.png used on input lin
e 55.
(pdftex.def)             Requested size: 328.82706pt x 246.62083pt.

<pics/performance/cosmicGainsMay15.pdf, id=1165, 569.12625pt x 426.59375pt>
File: pics/performance/cosmicGainsMay15.pdf Graphic file (type pdf)

<use pics/performance/cosmicGainsMay15.pdf>
Package pdftex.def Info: pics/performance/cosmicGainsMay15.pdf used on input li
ne 63.
(pdftex.def)             Requested size: 328.82706pt x 246.4872pt.
)

Package hyperref Warning: Token not allowed in a PDF string (PDFDocEncoding):
(hyperref)                removing `\uppercase' on input line 155.

(./texFiles/DetectorPerformance/Ecal/PulseFitting.tex [52 <./pics/performance/c
osmicSignal.png>]
<pics/performance/mode1fit.png, id=1174, 490.9542pt x 441.8106pt>
File: pics/performance/mode1fit.png Graphic file (type png)

<use pics/performance/mode1fit.png>
Package pdftex.def Info: pics/performance/mode1fit.png used on input line 14.
(pdftex.def)             Requested size: 234.87749pt x 211.3723pt.
)

Package hyperref Warning: Token not allowed in a PDF string (PDFDocEncoding):
(hyperref)                removing `\uppercase' on input line 158.

(./texFiles/DetectorPerformance/Ecal/FEE.tex
Underfull \hbox (badness 10000) in paragraph at lines 1--3

 []

[53 <./pics/performance/cosmicFitExample2015.pdf, page is rotated 90 degrees>]
[54 <./pics/performance/cosmicGains2015.png>]
Underfull \hbox (badness 10000) in paragraph at lines 9--10

 []

<pics/performance/feePeakFid.png, id=1234, 1172.38pt x 541.02126pt>
File: pics/performance/feePeakFid.png Graphic file (type png)

<use pics/performance/feePeakFid.png>
Package pdftex.def Info: pics/performance/feePeakFid.png used on input line 13.

(pdftex.def)             Requested size: 422.77661pt x 195.0977pt.
 [55 <./pics/performance/cosmicGainsMay15.pdf, page is rotated 90 degrees>])

Package hyperref Warning: Token not allowed in a PDF string (PDFDocEncoding):
(hyperref)                removing `\uppercase' on input line 161.

(./texFiles/DetectorPerformance/Ecal/WAB.tex [56 <./pics/performance/mode1fit.p
ng>]) [57 <./pics/performance/feePeakFid.png>]

Package hyperref Warning: Token not allowed in a PDF string (PDFDocEncoding):
(hyperref)                removing `\uppercase' on input line 164.

(./texFiles/DetectorPerformance/Ecal/Eres.tex
<pics/performance/eResData.png, id=1308, 896.34875pt x 668.4975pt>
File: pics/performance/eResData.png Graphic file (type png)

<use pics/performance/eResData.png>
Package pdftex.def Info: pics/performance/eResData.png used on input line 14.
(pdftex.def)             Requested size: 281.85585pt x 210.20041pt.

Underfull \hbox (badness 10000) in paragraph at lines 19--20

 []

[58] [59 <./pics/performance/eResData.png>]
<pics/performance/eResEdgeEffect.png, id=1327, 898.35625pt x 684.5575pt>
File: pics/performance/eResEdgeEffect.png Graphic file (type png)

<use pics/performance/eResEdgeEffect.png>
Package pdftex.def Info: pics/performance/eResEdgeEffect.png used on input line
 32.
(pdftex.def)             Requested size: 234.87749pt x 178.97307pt.
)

Package hyperref Warning: Token not allowed in a PDF string (PDFDocEncoding):
(hyperref)                removing `\uppercase' on input line 167.

(./texFiles/DetectorPerformance/Ecal/timing.tex
Underfull \hbox (badness 10000) in paragraph at lines 1--2

 []

[60 <./pics/performance/eResEdgeEffect.png>]
<pics/performance/rfFits.png, id=1338, 579.16376pt x 385.44pt>
File: pics/performance/rfFits.png Graphic file (type png)

<use pics/performance/rfFits.png>
Package pdftex.def Info: pics/performance/rfFits.png used on input line 12.
(pdftex.def)             Requested size: 328.82706pt x 218.83852pt.

<pics/performance/rfRes.png, id=1340, 501.875pt x 346.29375pt>
File: pics/performance/rfRes.png Graphic file (type png)

<use pics/performance/rfRes.png>
Package pdftex.def Info: pics/performance/rfRes.png used on input line 22.
(pdftex.def)             Requested size: 328.82706pt x 226.90068pt.
 [61 <./pics/performance/rfFits.png>]
Underfull \hbox (badness 10000) in paragraph at lines 27--28

 []

<pics/performance/beamStructure.png, id=1350, 930.47626pt x 689.57625pt>
File: pics/performance/beamStructure.png Graphic file (type png)

<use pics/performance/beamStructure.png>
Package pdftex.def Info: pics/performance/beamStructure.png used on input line 
38.
(pdftex.def)             Requested size: 328.82706pt x 243.6912pt.
 [62 <./pics/performance/rfRes.png>]
<pics/performance/2clusteroffset.png, id=1360, 653.44125pt x 243.91125pt>
File: pics/performance/2clusteroffset.png Graphic file (type png)

<use pics/performance/2clusteroffset.png>
Package pdftex.def Info: pics/performance/2clusteroffset.png used on input line
 49.
(pdftex.def)             Requested size: 422.77661pt x 157.81096pt.
 [63 <./pics/performance/beamStructure.png>]
<pics/performance/hittimeincluster.png, id=1369, 588.1975pt x 386.44376pt>
File: pics/performance/hittimeincluster.png Graphic file (type png)

<use pics/performance/hittimeincluster.png>
Package pdftex.def Info: pics/performance/hittimeincluster.png used on input li
ne 59.
(pdftex.def)             Requested size: 328.82706pt x 216.03554pt.

<pics/performance/twalk2016.png, id=1371, 820.06375pt x 640.3925pt>
File: pics/performance/twalk2016.png Graphic file (type png)

<use pics/performance/twalk2016.png>
Package pdftex.def Info: pics/performance/twalk2016.png used on input line 68.
(pdftex.def)             Requested size: 281.85585pt x 220.10506pt.
 [64 <./pics/performance/2clusteroffset.png>] <pics/performance/timeRes2016.png
, id=1380, 823.075pt x 585.18625pt>
File: pics/performance/timeRes2016.png Graphic file (type png)

<use pics/performance/timeRes2016.png>
Package pdftex.def Info: pics/performance/timeRes2016.png used on input line 84
.
(pdftex.def)             Requested size: 281.85585pt x 200.38936pt.

<pics/performance/2clusterTres.png, id=1383, 808.01875pt x 613.29124pt>
File: pics/performance/2clusterTres.png Graphic file (type png)

<use pics/performance/2clusterTres.png>
Package pdftex.def Info: pics/performance/2clusterTres.png used on input line 1
00.
(pdftex.def)             Requested size: 281.85585pt x 213.93457pt.
) [65 <./pics/performance/hittimeincluster.png>] [66 <./pics/performance/twalk2
016.png> <./pics/performance/timeRes2016.png>] [67 <./pics/performance/2cluster
Tres.png>]
CHAPTER 5

Package hyperref Warning: Token not allowed in a PDF string (PDFDocEncoding):
(hyperref)                removing `\uppercase' on input line 171.

[68

]

Package hyperref Warning: Token not allowed in a PDF string (PDFDocEncoding):
(hyperref)                removing `\uppercase' on input line 177.

(./texFiles/Searching/datasets.tex)

Package hyperref Warning: Token not allowed in a PDF string (PDFDocEncoding):
(hyperref)                removing `\uppercase' on input line 180.


Package hyperref Warning: Token not allowed in a PDF string (PDFDocEncoding):
(hyperref)                removing `math shift' on input line 180.


Package hyperref Warning: Token not allowed in a PDF string (PDFDocEncoding):
(hyperref)                removing `superscript' on input line 180.


Package hyperref Warning: Token not allowed in a PDF string (PDFDocEncoding):
(hyperref)                removing `\prime' on input line 180.


Package hyperref Warning: Token not allowed in a PDF string (PDFDocEncoding):
(hyperref)                removing `math shift' on input line 180.

(./texFiles/Searching/signal.tex [69]
<pics/searching/vtxFit.png, id=1419, 522.95375pt x 512.91624pt>
File: pics/searching/vtxFit.png Graphic file (type png)

<use pics/searching/vtxFit.png>
Package pdftex.def Info: pics/searching/vtxFit.png used on input line 23.
(pdftex.def)             Requested size: 328.82706pt x 322.52065pt.
)

Package hyperref Warning: Token not allowed in a PDF string (PDFDocEncoding):
(hyperref)                removing `\uppercase' on input line 183.

(./texFiles/Searching/radFrac.tex [70] [71 <./pics/searching/vtxFit.png>]
<pics/searching/mcAgree.png, id=1437, 502.9992pt x 349.305pt>
File: pics/searching/mcAgree.png Graphic file (type png)

<use pics/searching/mcAgree.png>
Package pdftex.def Info: pics/searching/mcAgree.png used on input line 12.
(pdftex.def)             Requested size: 375.80542pt x 260.98672pt.

<pics/searching/radFrac.png, id=1439, 768.8725pt x 371.3875pt>
File: pics/searching/radFrac.png Graphic file (type png)

<use pics/searching/radFrac.png>
Package pdftex.def Info: pics/searching/radFrac.png used on input line 21.
(pdftex.def)             Requested size: 422.77661pt x 204.21841pt.
)

Package hyperref Warning: Token not allowed in a PDF string (PDFDocEncoding):
(hyperref)                removing `\uppercase' on input line 186.


Package hyperref Warning: Token not allowed in a PDF string (PDFDocEncoding):
(hyperref)                removing `math shift' on input line 186.


Package hyperref Warning: Token not allowed in a PDF string (PDFDocEncoding):
(hyperref)                removing `\epsilon' on input line 186.


Package hyperref Warning: Token not allowed in a PDF string (PDFDocEncoding):
(hyperref)                removing `subscript' on input line 186.


Package hyperref Warning: Token not allowed in a PDF string (PDFDocEncoding):
(hyperref)                removing `math shift' on input line 186.

(./texFiles/Searching/efficiency.tex [72 <./pics/searching/mcAgree.png>]
<pics/searching/rawEffL1L1.png, id=1449, 460.72125pt x 454.69875pt>
File: pics/searching/rawEffL1L1.png Graphic file (type png)

<use pics/searching/rawEffL1L1.png>
Package pdftex.def Info: pics/searching/rawEffL1L1.png used on input line 5.
(pdftex.def)             Requested size: 305.33788pt x 301.34402pt.

<pics/searching/reconstructedVtx.png, id=1452, 470.75874pt x 493.845pt>
File: pics/searching/reconstructedVtx.png Graphic file (type png)

<use pics/searching/reconstructedVtx.png>
Package pdftex.def Info: pics/searching/reconstructedVtx.png used on input line
 14.
(pdftex.def)             Requested size: 305.33788pt x 320.30971pt.


Package hyperref Warning: Suppressing link with empty target on input line 26.

[73 <./pics/searching/radFrac.png>] [74 <./pics/searching/rawEffL1L1.png>]

Package hyperref Warning: Suppressing link with empty target on input line 41.

[75 <./pics/searching/reconstructedVtx.png>]
<pics/searching/integralEffL1L1.png, id=1476, 499.1448pt x 500.5902pt>
File: pics/searching/integralEffL1L1.png Graphic file (type png)

<use pics/searching/integralEffL1L1.png>
Package pdftex.def Info: pics/searching/integralEffL1L1.png used on input line 
53.
(pdftex.def)             Requested size: 305.33788pt x 306.23035pt.
 [76 <./pics/searching/integralEffL1L1.png>] <pics/searching/integralEff12.png,
 id=1485, 549.05125pt x 550.055pt>
File: pics/searching/integralEff12.png Graphic file (type png)

<use pics/searching/integralEff12.png>
Package pdftex.def Info: pics/searching/integralEff12.png used on input line 62
.
(pdftex.def)             Requested size: 305.33788pt x 305.90523pt.

<pics/searching/integralEff22.png, id=1489, 546.04pt x 554.07pt>
File: pics/searching/integralEff22.png Graphic file (type png)

<use pics/searching/integralEff22.png>
Package pdftex.def Info: pics/searching/integralEff22.png used on input line 71
.
(pdftex.def)             Requested size: 305.33788pt x 309.829pt.
)

Package hyperref Warning: Token not allowed in a PDF string (PDFDocEncoding):
(hyperref)                removing `\uppercase' on input line 189.

(./texFiles/Searching/massres.tex [77 <./pics/searching/integralEff12.png>]
<pics/searching/massCorrection.png, id=1501, 708.6475pt x 319.1925pt>
File: pics/searching/massCorrection.png Graphic file (type png)

<use pics/searching/massCorrection.png>
Package pdftex.def Info: pics/searching/massCorrection.png used on input line 1
2.
(pdftex.def)             Requested size: 422.77661pt x 190.43085pt.
 [78 <./pics/searching/integralEff22.png>] <pics/searching/ap40mev.png, id=1510
, 1001.7425pt x 810.02625pt>
File: pics/searching/ap40mev.png Graphic file (type png)

<use pics/searching/ap40mev.png>
Package pdftex.def Info: pics/searching/ap40mev.png used on input line 21.
(pdftex.def)             Requested size: 305.33788pt x 246.90314pt.

<pics/searching/mollerMassMC.png, id=1512, 631.35875pt x 474.77374pt>
File: pics/searching/mollerMassMC.png Graphic file (type png)

<use pics/searching/mollerMassMC.png>
Package pdftex.def Info: pics/searching/mollerMassMC.png used on input line 30.

(pdftex.def)             Requested size: 305.33788pt x 229.61299pt.

<pics/searching/mollerMass.png, id=1514, 630.355pt x 498.86375pt>
File: pics/searching/mollerMass.png Graphic file (type png)

<use pics/searching/mollerMass.png>
Package pdftex.def Info: pics/searching/mollerMass.png used on input line 39.
(pdftex.def)             Requested size: 305.33788pt x 241.64415pt.

<pics/searching/massResolution.png, id=1516, 612.2875pt x 531.9875pt>
File: pics/searching/massResolution.png Graphic file (type png)

<use pics/searching/massResolution.png>
Package pdftex.def Info: pics/searching/massResolution.png used on input line 4
8.
(pdftex.def)             Requested size: 305.33788pt x 265.295pt.
 [79 <./pics/searching/massCorrection.png>])

Package hyperref Warning: Token not allowed in a PDF string (PDFDocEncoding):
(hyperref)                removing `\uppercase' on input line 195.


LaTeX Warning: Reference `vtxCuts' on page 80 undefined on input line 196.


Package hyperref Warning: Token not allowed in a PDF string (PDFDocEncoding):
(hyperref)                removing `\uppercase' on input line 197.


Package hyperref Warning: Token not allowed in a PDF string (PDFDocEncoding):
(hyperref)                removing `math shift' on input line 197.


Package hyperref Warning: Token not allowed in a PDF string (PDFDocEncoding):
(hyperref)                removing `math shift' on input line 197.

(./texFiles/Searching/blindCuts.tex

LaTeX Warning: Reference `fig:l1l1_zvtx' on page 80 undefined on input line 30.


[80 <./pics/searching/ap40mev.png>]
<pics/searching/L1L1_zvtx.png, id=1535, 722.7pt x 521.95pt>
File: pics/searching/L1L1_zvtx.png Graphic file (type png)

<use pics/searching/L1L1_zvtx.png>
Package pdftex.def Info: pics/searching/L1L1_zvtx.png used on input line 35.
(pdftex.def)             Requested size: 352.31624pt x 254.45158pt.
 [81 <./pics/searching/mollerMassMC.png>]
<pics/searching/ratio_zvtx_cuts.png, id=1542, 786.94pt x 603.25375pt>
File: pics/searching/ratio_zvtx_cuts.png Graphic file (type png)

<use pics/searching/ratio_zvtx_cuts.png>
Package pdftex.def Info: pics/searching/ratio_zvtx_cuts.png used on input line 
44.
(pdftex.def)             Requested size: 305.33788pt x 234.06216pt.

<pics/searching/L1L1_tdiff.png, id=1544, 726.715pt x 529.98pt>
File: pics/searching/L1L1_tdiff.png Graphic file (type png)

<use pics/searching/L1L1_tdiff.png>
Package pdftex.def Info: pics/searching/L1L1_tdiff.png used on input line 53.
(pdftex.def)             Requested size: 375.80542pt x 274.07085pt.

<pics/searching/ratio_tdiff_cuts.png, id=1547, 781.92125pt x 610.28pt>
File: pics/searching/ratio_tdiff_cuts.png Graphic file (type png)

<use pics/searching/ratio_tdiff_cuts.png>
Package pdftex.def Info: pics/searching/ratio_tdiff_cuts.png used on input line
 62.
(pdftex.def)             Requested size: 305.33788pt x 238.31554pt.

<pics/searching/mass_L1L1_cuts.png, id=1550, 713.66624pt x 520.94624pt>
File: pics/searching/mass_L1L1_cuts.png Graphic file (type png)

<use pics/searching/mass_L1L1_cuts.png>
Package pdftex.def Info: pics/searching/mass_L1L1_cuts.png used on input line 7
1.
(pdftex.def)             Requested size: 352.31624pt x 257.17365pt.
 [82 <./pics/searching/mollerMass.png>]
<pics/searching/trkChi2.png, id=1557, 697.60625pt x 505.89pt>
File: pics/searching/trkChi2.png Graphic file (type png)

<use pics/searching/trkChi2.png>
Package pdftex.def Info: pics/searching/trkChi2.png used on input line 80.
(pdftex.def)             Requested size: 305.33788pt x 221.42667pt.

<pics/searching/emTrkPmax.png, id=1559, 767.86874pt x 348.30125pt>
File: pics/searching/emTrkPmax.png Graphic file (type png)

<use pics/searching/emTrkPmax.png>
Package pdftex.def Info: pics/searching/emTrkPmax.png used on input line 89.
(pdftex.def)             Requested size: 305.33788pt x 138.49957pt.
 [83 <./pics/searching/massResolution.png>]
<pics/searching/isolationPic.png, id=1566, 602.25pt x 318.18875pt>
File: pics/searching/isolationPic.png Graphic file (type png)

<use pics/searching/isolationPic.png>
Package pdftex.def Info: pics/searching/isolationPic.png used on input line 98.

(pdftex.def)             Requested size: 375.80542pt x 198.55673pt.
 [84]
<pics/searching/bscCut.png, id=1574, 855.195pt x 743.77875pt>
File: pics/searching/bscCut.png Graphic file (type png)

<use pics/searching/bscCut.png>
Package pdftex.def Info: pics/searching/bscCut.png used on input line 119.
(pdftex.def)             Requested size: 281.85585pt x 245.12996pt.

<pics/searching/bmuchi2.png, id=1576, 957.5775pt x 761.84625pt>
File: pics/searching/bmuchi2.png Graphic file (type png)

<use pics/searching/bmuchi2.png>
Package pdftex.def Info: pics/searching/bmuchi2.png used on input line 128.
(pdftex.def)             Requested size: 281.85585pt x 224.24283pt.

<pics/searching/matchcut.png, id=1578, 1030.85126pt x 735.74875pt>
File: pics/searching/matchcut.png Graphic file (type png)

<use pics/searching/matchcut.png>
Package pdftex.def Info: pics/searching/matchcut.png used on input line 137.
(pdftex.def)             Requested size: 352.31624pt x 251.45355pt.
 [85 <./pics/searching/L1L1_zvtx.png>]
<pics/searching/cltdiff.png, id=1587, 600.2425pt x 567.11874pt>
File: pics/searching/cltdiff.png Graphic file (type png)

<use pics/searching/cltdiff.png>
Package pdftex.def Info: pics/searching/cltdiff.png used on input line 146.
(pdftex.def)             Requested size: 281.85585pt x 266.30354pt.

<pics/searching/pasycut.png, id=1589, 533.995pt x 532.99126pt>
File: pics/searching/pasycut.png Graphic file (type png)

<use pics/searching/pasycut.png>
Package pdftex.def Info: pics/searching/pasycut.png used on input line 155.
(pdftex.def)             Requested size: 281.85585pt x 281.3373pt.
 [86 <./pics/searching/ratio_zvtx_cuts.png>]
<pics/searching/docacut.png, id=1596, 733.74126pt x 391.4625pt>
File: pics/searching/docacut.png Graphic file (type png)

<use pics/searching/docacut.png>
Package pdftex.def Info: pics/searching/docacut.png used on input line 164.
(pdftex.def)             Requested size: 352.31624pt x 187.97153pt.

<pics/searching/TrkShareHits.png, id=1598, 728.7225pt x 541.02126pt>
File: pics/searching/TrkShareHits.png Graphic file (type png)

<use pics/searching/TrkShareHits.png>
Package pdftex.def Info: pics/searching/TrkShareHits.png used on input line 173
.
(pdftex.def)             Requested size: 352.31624pt x 261.5612pt.
)

Package hyperref Warning: Token not allowed in a PDF string (PDFDocEncoding):
(hyperref)                removing `\uppercase' on input line 201.


Package hyperref Warning: Token not allowed in a PDF string (PDFDocEncoding):
(hyperref)                removing `math shift' on input line 201.


Package hyperref Warning: Token not allowed in a PDF string (PDFDocEncoding):
(hyperref)                removing `math shift' on input line 201.

(./texFiles/Searching/selectionBL.tex
<pics/searching/zVm_bl_L1L1.png, id=1600, 776.9025pt x 677.53125pt>
File: pics/searching/zVm_bl_L1L1.png Graphic file (type png)

<use pics/searching/zVm_bl_L1L1.png>
Package pdftex.def Info: pics/searching/zVm_bl_L1L1.png used on input line 5.
(pdftex.def)             Requested size: 352.31624pt x 307.25371pt.
 [87 <./pics/searching/L1L1_tdiff.png>]
<pics/searching/zVm_acc_L1L1.png, id=1607, 631.35875pt x 529.98pt>
File: pics/searching/zVm_acc_L1L1.png Graphic file (type png)

<use pics/searching/zVm_acc_L1L1.png>
Package pdftex.def Info: pics/searching/zVm_acc_L1L1.png used on input line 14.

(pdftex.def)             Requested size: 352.31624pt x 295.74356pt.
) [88 <./pics/searching/ratio_tdiff_cuts.png>] [89 <./pics/searching/mass_L1L1_
cuts.png> <./pics/searching/trkChi2.png>]
[90 <./pics/searching/emTrkPmax.png> <./pics/searching/isolationPic.png>]
[91 <./pics/searching/bscCut.png> <./pics/searching/bmuchi2.png>] [92 <./pics/s
earching/matchcut.png> <./pics/searching/cltdiff.png>] [93 <./pics/searching/pa
sycut.png> <./pics/searching/docacut.png>] [94 <./pics/searching/TrkShareHits.p
ng>] [95 <./pics/searching/zVm_bl_L1L1.png>] [96 <./pics/searching/zVm_acc_L1L1
.png>]
CHAPTER 6

Package hyperref Warning: Token not allowed in a PDF string (PDFDocEncoding):
(hyperref)                removing `\uppercase' on input line 205.

(./texFiles/Results/L1L1Results.tex
<pics/results/zVm_ub_L1L1.png, id=1661, 776.9025pt x 680.5425pt>
File: pics/results/zVm_ub_L1L1.png Graphic file (type png)

<use pics/results/zVm_ub_L1L1.png>
Package pdftex.def Info: pics/results/zVm_ub_L1L1.png used on input line 5.
(pdftex.def)             Requested size: 352.31624pt x 308.61928pt.

<pics/results/highz_v_mass.png, id=1664, 906.38625pt x 757.83125pt>
File: pics/results/highz_v_mass.png Graphic file (type png)

<use pics/results/highz_v_mass.png>
Package pdftex.def Info: pics/results/highz_v_mass.png used on input line 14.
(pdftex.def)             Requested size: 352.31624pt x 294.5701pt.
 [97

 <./pics/results/zVm_ub_L1L1.png>]
<pics/results/highz_avgBG.png, id=1672, 912.40875pt x 748.7975pt>
File: pics/results/highz_avgBG.png Graphic file (type png)

<use pics/results/highz_avgBG.png>
Package pdftex.def Info: pics/results/highz_avgBG.png used on input line 24.
(pdftex.def)             Requested size: 352.31624pt x 289.13914pt.
 [98 <./pics/results/highz_v_mass.png>]
<pics/results/highz_pval.png, id=1680, 916.42375pt x 754.82pt>
File: pics/results/highz_pval.png Graphic file (type png)

<use pics/results/highz_pval.png>
Package pdftex.def Info: pics/results/highz_pval.png used on input line 34.
(pdftex.def)             Requested size: 352.31624pt x 290.1862pt.
 [99 <./pics/results/highz_avgBG.png>]
<pics/results/pvalMap.png, id=1688, 532.99126pt x 501.875pt>
File: pics/results/pvalMap.png Graphic file (type png)

<use pics/results/pvalMap.png>
Package pdftex.def Info: pics/results/pvalMap.png used on input line 43.
(pdftex.def)             Requested size: 352.31624pt x 331.75926pt.

<pics/results/highz_quantiles.png, id=1691, 863.225pt x 739.76375pt>
File: pics/results/highz_quantiles.png Graphic file (type png)

<use pics/results/highz_quantiles.png>
Package pdftex.def Info: pics/results/highz_quantiles.png used on input line 53
.
(pdftex.def)             Requested size: 352.31624pt x 301.92798pt.
 [100 <./pics/results/highz_pval.png>]

Package hyperref Warning: Difference (2) between bookmark levels is greater 
(hyperref)                than one, level fixed on input line 60.


Package hyperref Warning: Token not allowed in a PDF string (PDFDocEncoding):
(hyperref)                removing `\uppercase' on input line 60.


Package hyperref Warning: Token not allowed in a PDF string (PDFDocEncoding):
(hyperref)                removing `math shift' on input line 60.


Package hyperref Warning: Token not allowed in a PDF string (PDFDocEncoding):
(hyperref)                removing `\pm' on input line 60.


Package hyperref Warning: Token not allowed in a PDF string (PDFDocEncoding):
(hyperref)                removing `math shift' on input line 60.

[101 <./pics/results/pvalMap.png>]
<pics/results/zVm_1p5mm.png, id=1703, 786.94pt x 685.56125pt>
File: pics/results/zVm_1p5mm.png Graphic file (type png)

<use pics/results/zVm_1p5mm.png>
Package pdftex.def Info: pics/results/zVm_1p5mm.png used on input line 65.
(pdftex.def)             Requested size: 352.31624pt x 306.92012pt.
)

Package hyperref Warning: Token not allowed in a PDF string (PDFDocEncoding):
(hyperref)                removing `\uppercase' on input line 208.

(./texFiles/Results/reach.tex

LaTeX Warning: Reference `signal' on page 102 undefined on input line 1.

[102 <./pics/results/highz_quantiles.png>]
<pics/results/reach_sets.png, id=1710, 719.68875pt x 332.24126pt>
File: pics/results/reach_sets.png Graphic file (type png)

<use pics/results/reach_sets.png>
Package pdftex.def Info: pics/results/reach_sets.png used on input line 5.
(pdftex.def)             Requested size: 422.77661pt x 195.17908pt.


LaTeX Warning: Reference `signal' on page 103 undefined on input line 6.


LaTeX Warning: Reference `signal' on page 103 undefined on input line 6.

[103 <./pics/results/zVm_1p5mm.png>]
<pics/results/combinedReach.png, id=1719, 785.93625pt x 701.62125pt>
File: pics/results/combinedReach.png Graphic file (type png)

<use pics/results/combinedReach.png>
Package pdftex.def Info: pics/results/combinedReach.png used on input line 15.
(pdftex.def)             Requested size: 258.36667pt x 230.64713pt.

<pics/results/signal_1yr.png, id=1722, 772.8875pt x 716.6775pt>
File: pics/results/signal_1yr.png Graphic file (type png)

<use pics/results/signal_1yr.png>
Package pdftex.def Info: pics/results/signal_1yr.png used on input line 30.
(pdftex.def)             Requested size: 258.36667pt x 239.57721pt.
 [104 <./pics/results/reach_sets.png>]
<pics/results/vtxRes.png, id=1730, 715.67375pt x 533.995pt>
File: pics/results/vtxRes.png Graphic file (type png)

<use pics/results/vtxRes.png>
Package pdftex.def Info: pics/results/vtxRes.png used on input line 39.
(pdftex.def)             Requested size: 352.31624pt x 262.88205pt.
) [105 <./pics/results/combinedReach.png>]
[106 <./pics/results/signal_1yr.png>] [107 <./pics/results/vtxRes.png>]
CHAPTER 7

Package hyperref Warning: Token not allowed in a PDF string (PDFDocEncoding):
(hyperref)                removing `\uppercase' on input line 212.

(./texFiles/Conclusion/conclusion.tex) (./thesis_template.bbl [108

]
Missing character: There is no  in font cmr12!
Missing character: There is no  in font cmr12!
Missing character: There is no  in font cmr12!
Missing character: There is no  in font cmr12!
 [109

]
[110] [111] [112]
Missing character: There is no  in font cmr12!
Missing character: There is no  in font cmr12!
Missing character: There is no  in font cmr12!
Missing character: There is no  in font cmr12!
Missing character: There is no  in font cmr12!
Missing character: There is no  in font cmr12!
LaTeX Font Info:    Try loading font information for OMS+cmr on input line 266.

 (/usr/local/texlive/2016/texmf-dist/tex/latex/base/omscmr.fd
File: omscmr.fd 2014/09/29 v2.5h Standard LaTeX font definitions
)
LaTeX Font Info:    Font shape `OMS/cmr/m/n' in size <12> not available
(Font)              Font shape `OMS/cmsy/m/n' tried instead on input line 266.
[113]
Missing character: There is no  in font cmr12!
Missing character: There is no  in font cmr12!

Underfull \hbox (badness 1221) in paragraph at lines 296--306
[]\OT1/cmr/m/n/12 Ilaria Balossino, Nathan Baltzell, Marco Battaglieri, Mar-i-a
n-gela Bondi, Emma
 []

[114]) [115]
APPENDIX A

Package hyperref Warning: Token not allowed in a PDF string (PDFDocEncoding):
(hyperref)                removing `\uppercase' on input line 247.

(./texFiles/Appendix/efficiency.tex

Package hyperref Warning: Suppressing link with empty target on input line 1.


Package hyperref Warning: Suppressing link with empty target on input line 11.


Package hyperref Warning: Suppressing link with empty target on input line 11.


Package hyperref Warning: Suppressing link with empty target on input line 20.


Package hyperref Warning: Suppressing link with empty target on input line 31.

[116

]

Package hyperref Warning: Suppressing link with empty target on input line 41.


Package hyperref Warning: Suppressing link with empty target on input line 41.


Package hyperref Warning: Suppressing link with empty target on input line 50.

) [117]
APPENDIX B

Package hyperref Warning: Token not allowed in a PDF string (PDFDocEncoding):
(hyperref)                removing `\uppercase' on input line 251.

(./texFiles/Appendix/cutEffects.tex

Package hyperref Warning: Token not allowed in a PDF string (PDFDocEncoding):
(hyperref)                removing `\uppercase' on input line 1.


Overfull \hbox (67.1833pt too wide) in paragraph at lines 10--31
 [][] 
 []

[118

] <pics/appendix/kink1.png, id=1803, 753.81625pt x 356.33125pt>
File: pics/appendix/kink1.png Graphic file (type png)

<use pics/appendix/kink1.png>
Package pdftex.def Info: pics/appendix/kink1.png used on input line 56.
(pdftex.def)             Requested size: 375.80542pt x 177.6432pt.

<pics/appendix/kink2.png, id=1804, 761.84625pt x 375.4025pt>
File: pics/appendix/kink2.png Graphic file (type png)

<use pics/appendix/kink2.png>
Package pdftex.def Info: pics/appendix/kink2.png used on input line 62.
(pdftex.def)             Requested size: 375.80542pt x 185.17465pt.

<pics/appendix/kink3.png, id=1805, 748.7975pt x 360.34625pt>
File: pics/appendix/kink3.png Graphic file (type png)

<use pics/appendix/kink3.png>
Package pdftex.def Info: pics/appendix/kink3.png used on input line 68.
(pdftex.def)             Requested size: 375.80542pt x 180.84898pt.
 [119 <./pics/appendix/kink1.png>]
<pics/appendix/zvtxCuts_L1L2.png, id=1812, 966.61125pt x 666.49pt>
File: pics/appendix/zvtxCuts_L1L2.png Graphic file (type png)

<use pics/appendix/zvtxCuts_L1L2.png>
Package pdftex.def Info: pics/appendix/zvtxCuts_L1L2.png used on input line 77.

(pdftex.def)             Requested size: 375.80542pt x 259.11647pt.
 [120 <./pics/appendix/kink2.png> <./pics/appendix/kink3.png>]
<pics/appendix/massCuts_L1L2.png, id=1820, 918.43124pt x 705.63625pt>
File: pics/appendix/massCuts_L1L2.png Graphic file (type png)

<use pics/appendix/massCuts_L1L2.png>
Package pdftex.def Info: pics/appendix/massCuts_L1L2.png used on input line 86.

(pdftex.def)             Requested size: 375.80542pt x 288.73131pt.
 [121 <./pics/appendix/zvtxCuts_L1L2.png>]

Package hyperref Warning: Token not allowed in a PDF string (PDFDocEncoding):
(hyperref)                removing `\uppercase' on input line 93.


Overfull \hbox (60.98856pt too wide) in paragraph at lines 102--122
 [][] 
 []

[122 <./pics/appendix/massCuts_L1L2.png>]

Package hyperref Warning: Token not allowed in a PDF string (PDFDocEncoding):
(hyperref)                removing `\uppercase' on input line 126.


Overfull \hbox (60.98856pt too wide) in paragraph at lines 134--154
 [][] 
 []

[123]

Package hyperref Warning: Token not allowed in a PDF string (PDFDocEncoding):
(hyperref)                removing `\uppercase' on input line 158.


Overfull \hbox (67.1833pt too wide) in paragraph at lines 166--187
 [][] 
 []

[124]

Package hyperref Warning: Token not allowed in a PDF string (PDFDocEncoding):
(hyperref)                removing `\uppercase' on input line 191.


Overfull \hbox (60.98856pt too wide) in paragraph at lines 199--219
 [][] 
 []

[125]) [126]
APPENDIX C

Package hyperref Warning: Token not allowed in a PDF string (PDFDocEncoding):
(hyperref)                removing `\uppercase' on input line 255.

[127

]
Package atveryend Info: Empty hook `BeforeClearDocument' on input line 268.
 [128

]
Package atveryend Info: Empty hook `AfterLastShipout' on input line 268.
 (./thesis_template.aux)
Package atveryend Info: Executing hook `AtVeryEndDocument' on input line 268.
Package atveryend Info: Executing hook `AtEndAfterFileList' on input line 268.
Package rerunfilecheck Info: File `thesis_template.out' has not changed.
(rerunfilecheck)             Checksum: D53B94487764F8BB0D15B2A0B3A88B50;4740.


LaTeX Warning: There were undefined references.

Package atveryend Info: Empty hook `AtVeryVeryEnd' on input line 268.
 ) 
Here is how much of TeX's memory you used:
 7798 strings out of 493014
 119497 string characters out of 6133351
 208883 words of memory out of 5000000
 10592 multiletter control sequences out of 15000+600000
 11462 words of font info for 43 fonts, out of 8000000 for 9000
 1141 hyphenation exceptions out of 8191
 29i,19n,28p,1707b,535s stack positions out of 5000i,500n,10000p,200000b,80000s
</usr/local/texlive/2016/texmf-dist/fonts/type1/public/amsfonts/cm/cmbx12.pfb
></usr/local/texlive/2016/texmf-dist/fonts/type1/public/amsfonts/cm/cmex10.pfb>
</usr/local/texlive/2016/texmf-dist/fonts/type1/public/amsfonts/cm/cmmi12.pfb><
/usr/local/texlive/2016/texmf-dist/fonts/type1/public/amsfonts/cm/cmmi6.pfb></u
sr/local/texlive/2016/texmf-dist/fonts/type1/public/amsfonts/cm/cmmi8.pfb></usr
/local/texlive/2016/texmf-dist/fonts/type1/public/amsfonts/cm/cmr10.pfb></usr/l
ocal/texlive/2016/texmf-dist/fonts/type1/public/amsfonts/cm/cmr12.pfb></usr/loc
al/texlive/2016/texmf-dist/fonts/type1/public/amsfonts/cm/cmr6.pfb></usr/local/
texlive/2016/texmf-dist/fonts/type1/public/amsfonts/cm/cmr8.pfb></usr/local/tex
live/2016/texmf-dist/fonts/type1/public/amsfonts/cm/cmsy10.pfb></usr/local/texl
ive/2016/texmf-dist/fonts/type1/public/amsfonts/cm/cmsy6.pfb></usr/local/texliv
e/2016/texmf-dist/fonts/type1/public/amsfonts/cm/cmsy8.pfb></usr/local/texlive/
2016/texmf-dist/fonts/type1/public/amsfonts/cm/cmti12.pfb>
Output written on thesis_template.pdf (140 pages, 16142586 bytes).
PDF statistics:
 1995 PDF objects out of 2073 (max. 8388607)
 1554 compressed objects within 16 object streams
 403 named destinations out of 1000 (max. 500000)
 1009 words of extra memory for PDF output out of 10000 (max. 10000000)

